<?xml version="1.0" encoding="UTF-8"?>
<testng-results skipped="0" failed="0" total="1" passed="1">
  <reporter-output>
  </reporter-output>
  <suite name="Default suite" duration-ms="22628" started-at="2015-01-20T20:11:24Z" finished-at="2015-01-20T20:11:47Z">
    <groups>
    </groups>
    <test name="Default test" duration-ms="22628" started-at="2015-01-20T20:11:24Z" finished-at="2015-01-20T20:11:47Z">
      <class name="google.CreatingListOfElement">
        <test-method status="PASS" signature="setUp()[pri:0, instance:google.CreatingListOfElement@6ea6d14e]" name="setUp" is-config="true" duration-ms="17133" started-at="2015-01-20T15:11:24Z" finished-at="2015-01-20T15:11:41Z">
          <reporter-output>
          </reporter-output>
        </test-method> <!-- setUp -->
        <test-method status="PASS" signature="capturingLink()[pri:0, instance:google.CreatingListOfElement@6ea6d14e]" name="capturingLink" duration-ms="5456" started-at="2015-01-20T15:11:41Z" finished-at="2015-01-20T15:11:47Z">
          <reporter-output>
          </reporter-output>
        </test-method> <!-- capturingLink -->
      </class> <!-- google.CreatingListOfElement -->
    </test> <!-- Default test -->
  </suite> <!-- Default suite -->
</testng-results>
